FILE_TYPE=LIBRARY_PARTS;
PRIMITIVE 'ECS_160_18_5PX_GM_TR','ECS_160_18_5PX_GM_TR_Other';
  PIN
    '1':
      PIN_NUMBER='(1)';
      NO_LOAD_CHECK=BOTH;
      NO_IO_CHECK=BOTH;
      ALLOW_CONNECT=TRUE;
      PINUSE='UNSPEC';
    '2':
      PIN_NUMBER='(2)';
      NO_LOAD_CHECK=BOTH;
      NO_IO_CHECK=BOTH;
      ALLOW_CONNECT=TRUE;
      PINUSE='UNSPEC';
  END_PIN;
  BODY
    PART_NAME='ECS_160_18_5PX_GM_TR';
    PHYS_DES_PREFIX='Y';
    NO_LOAD_CHECK='TRUE';
    PIN_COUNT='2';
    BODY_NAME='ECS_160_18_5PX_GM_TR';
    JEDEC_TYPE='ECS160185PXGMTR';
  END_BODY;
END_PRIMITIVE;
END.
